/home/shalini/foreignDNA/quast-4.2/quast.py contig.fa -t 8 -m 200

Version: 4.2, build 21.07.2016 14:03

System information:
  OS: Linux-3.13.0-106-generic-x86_64-with-Ubuntu-14.04-trusty (linux_64)
  Python version: 2.7.6
  CPUs number: 2

Started: 2017-01-28 14:28:41

Logging to /home/shalini/foreignDNA/quast-4.2/quast_results/results_2017_01_28_14_28_41/quast.log

Main parameters: 
  Threads: 8, minimum contig length: 200, ambiguity: one, threshold for extensive misassembly size: 1000

Contigs:
  contig.fa ==> contig

2017-01-28 14:28:55
Running Basic statistics processor...
  Contig files: 
    contig
  Calculating N50 and L50...
    contig, N50 = 330, L50 = 144, Total length = 161791, GC % = 57.44, # N's per 100 kbp =  0.00
  Drawing Nx plot...
    saved to /home/shalini/foreignDNA/quast-4.2/quast_results/results_2017_01_28_14_28_41/basic_stats/Nx_plot.pdf
  Drawing cumulative plot...
    saved to /home/shalini/foreignDNA/quast-4.2/quast_results/results_2017_01_28_14_28_41/basic_stats/cumulative_plot.pdf
  Drawing GC content plot...
    saved to /home/shalini/foreignDNA/quast-4.2/quast_results/results_2017_01_28_14_28_41/basic_stats/GC_content_plot.pdf
Done.

NOTICE: Genes are not predicted by default. Use --gene-finding option to enable it.

2017-01-28 14:28:57
Creating large visual summaries...
This may take a while: press Ctrl-C to skip this step..
  1 of 2: Creating Icarus viewers...
  2 of 2: Creating PDF with all tables and plots...
Done

2017-01-28 14:28:58
RESULTS:
  Text versions of total report are saved to /home/shalini/foreignDNA/quast-4.2/quast_results/results_2017_01_28_14_28_41/report.txt, report.tsv, and report.tex
  Text versions of transposed total report are saved to /home/shalini/foreignDNA/quast-4.2/quast_results/results_2017_01_28_14_28_41/transposed_report.txt, transposed_report.tsv, and transposed_report.tex
  HTML version (interactive tables and plots) saved to /home/shalini/foreignDNA/quast-4.2/quast_results/results_2017_01_28_14_28_41/report.html
  PDF version (tables and plots) is saved to /home/shalini/foreignDNA/quast-4.2/quast_results/results_2017_01_28_14_28_41/report.pdf
  Icarus (contig browser) is saved to /home/shalini/foreignDNA/quast-4.2/quast_results/results_2017_01_28_14_28_41/icarus.html
  Log saved to /home/shalini/foreignDNA/quast-4.2/quast_results/results_2017_01_28_14_28_41/quast.log

Finished: 2017-01-28 14:28:58
Elapsed time: 0:00:17.128982
NOTICEs: 1; WARNINGs: 0; non-fatal ERRORs: 0

Thank you for using QUAST!
